<?xml version="1.0" encoding="UTF-8"?>
<testsuite xmlns:xsi="http://www.w3.org/2001/XMLSchema-instance" xsi:noNamespaceSchemaLocation="https://maven.apache.org/surefire/maven-surefire-plugin/xsd/surefire-test-report-3.0.xsd" version="3.0" name="malakhov.JdbcClientUnitTest" time="1.585" tests="7" errors="0" skipped="0" failures="0">
  <properties>
[...]
</properties>
  <testcase name="givenJdbcClient_whenQueryWithParamMap_thenSuccess" classname="malakhov.JdbcClientUnitTest" time="0.48">
    <system-out><![CDATA[
  .   ____          _            __ _ _
 /\\ / ___'_ __ _ _(_)_ __  __ _ \ \ \ \
( ( )\___ | '_ | '_| | '_ \/ _` | \ \ \ \
 \\/  ___)| |_)| | | | | || (_| |  ) ) ) )
  '  |____| .__|_| |_|_| |_\__, | / / / /
 =========|_|==============|___/=/_/_/_/

 :: Spring Boot ::                (v3.3.3)

2024-09-04T12:13:26.151+03:00  INFO 73493 --- [           main] malakhov.JdbcClientUnitTest              : Starting JdbcClientUnitTest using Java 21.0.4 with PID 73493 (started by yema in /Users/yema/IdeaProjects/project-study-info/jdbc-client-tutorial)
2024-09-04T12:13:26.152+03:00  INFO 73493 --- [           main] malakhov.JdbcClientUnitTest              : No active profile set, falling back to 1 default profile: "default"
2024-09-04T12:13:26.763+03:00  INFO 73493 --- [           main] com.zaxxer.hikari.HikariDataSource       : HikariPool-1 - Starting...
2024-09-04T12:13:26.850+03:00  INFO 73493 --- [           main] com.zaxxer.hikari.pool.HikariPool        : HikariPool-1 - Added connection conn0: url=jdbc:h2:mem:testdb user=USER
2024-09-04T12:13:26.851+03:00  INFO 73493 --- [           main] com.zaxxer.hikari.HikariDataSource       : HikariPool-1 - Start completed.
2024-09-04T12:13:26.856+03:00  INFO 73493 --- [           main] o.s.b.a.h2.H2ConsoleAutoConfiguration    : H2 console available at '/h2-console'. Database available at 'jdbc:h2:mem:testdb'
2024-09-04T12:13:26.879+03:00  INFO 73493 --- [           main] malakhov.JdbcClientUnitTest              : Started JdbcClientUnitTest in 0.847 seconds (process running for 1.269)
2024-09-04T12:13:27.338+03:00  INFO 73493 --- [           main] malakhov.JdbcClientUnitTest              : testing invoked successfully
2024-09-04T12:13:27.341+03:00 DEBUG 73493 --- [           main] o.s.jdbc.core.JdbcTemplate               : Executing prepared SQL query
2024-09-04T12:13:27.341+03:00 DEBUG 73493 --- [           main] o.s.jdbc.core.JdbcTemplate               : Executing prepared SQL statement [select student_id, student_name, age, grade, gender, state from student where grade = ? and state = ? and gender = ?]
2024-09-04T12:13:27.349+03:00 TRACE 73493 --- [           main] o.s.jdbc.core.StatementCreatorUtils      : Setting SQL statement parameter value: column index 1, parameter value [1], value class [java.lang.Integer], SQL type unknown
2024-09-04T12:13:27.352+03:00 TRACE 73493 --- [           main] o.s.jdbc.core.StatementCreatorUtils      : Setting SQL statement parameter value: column index 2, parameter value [New York], value class [java.lang.String], SQL type unknown
2024-09-04T12:13:27.352+03:00 TRACE 73493 --- [           main] o.s.jdbc.core.StatementCreatorUtils      : Setting SQL statement parameter value: column index 3, parameter value [Male], value class [java.lang.String], SQL type unknown
2024-09-04T12:13:27.357+03:00  INFO 73493 --- [           main] malakhov.JdbcClientUnitTest              : number of students fetched 6
]]></system-out>
    <system-err><![CDATA[WARNING: A Java agent has been loaded dynamically (/Users/yema/.m2/repository/net/bytebuddy/byte-buddy-agent/1.14.19/byte-buddy-agent-1.14.19.jar)
WARNING: If a serviceability tool is in use, please run with -XX:+EnableDynamicAgentLoading to hide this warning
WARNING: If a serviceability tool is not in use, please run with -Djdk.instrument.traceUsage for more information
WARNING: Dynamic loading of agents will be disallowed by default in a future release
]]></system-err>
  </testcase>
  <testcase name="givenJdbcClient_whenInsertWithNamedParamAndSqlType_thenSuccess" classname="malakhov.JdbcClientUnitTest" time="0.009">
    <system-out><![CDATA[2024-09-04T12:13:27.373+03:00  INFO 73493 --- [           main] malakhov.JdbcClientUnitTest              : testing invoked successfully
2024-09-04T12:13:27.373+03:00 DEBUG 73493 --- [           main] o.s.jdbc.core.JdbcTemplate               : Executing prepared SQL update
2024-09-04T12:13:27.373+03:00 DEBUG 73493 --- [           main] o.s.jdbc.core.JdbcTemplate               : Executing prepared SQL statement [INSERT INTO student (student_name, age, grade, gender, state)VALUES (?, ?, ?, ?, ?)]
2024-09-04T12:13:27.373+03:00 TRACE 73493 --- [           main] o.s.jdbc.core.StatementCreatorUtils      : Setting SQL statement parameter value: column index 1, parameter value [Johny Dep], value class [java.lang.String], SQL type 12
2024-09-04T12:13:27.373+03:00 TRACE 73493 --- [           main] o.s.jdbc.core.StatementCreatorUtils      : Setting SQL statement parameter value: column index 2, parameter value [8], value class [java.lang.Integer], SQL type 4
2024-09-04T12:13:27.373+03:00 TRACE 73493 --- [           main] o.s.jdbc.core.StatementCreatorUtils      : Setting SQL statement parameter value: column index 3, parameter value [4], value class [java.lang.Integer], SQL type 4
2024-09-04T12:13:27.374+03:00 TRACE 73493 --- [           main] o.s.jdbc.core.StatementCreatorUtils      : Setting SQL statement parameter value: column index 4, parameter value [Male], value class [java.lang.String], SQL type 12
2024-09-04T12:13:27.374+03:00 TRACE 73493 --- [           main] o.s.jdbc.core.StatementCreatorUtils      : Setting SQL statement parameter value: column index 5, parameter value [New York], value class [java.lang.String], SQL type 12
2024-09-04T12:13:27.374+03:00 TRACE 73493 --- [           main] o.s.jdbc.core.JdbcTemplate               : SQL update affected 1 rows
2024-09-04T12:13:27.374+03:00  INFO 73493 --- [           main] malakhov.dao.StudentDao                  : No. of rows affected: 1
]]></system-out>
  </testcase>
  <testcase name="givenJdbcClient_whenQueryWithParamsInList_thenSuccess" classname="malakhov.JdbcClientUnitTest" time="0.009">
    <system-out><![CDATA[2024-09-04T12:13:27.382+03:00  INFO 73493 --- [           main] malakhov.JdbcClientUnitTest              : testing invoked successfully
2024-09-04T12:13:27.383+03:00 DEBUG 73493 --- [           main] o.s.jdbc.core.JdbcTemplate               : Executing prepared SQL query
2024-09-04T12:13:27.383+03:00 DEBUG 73493 --- [           main] o.s.jdbc.core.JdbcTemplate               : Executing prepared SQL statement [select student_id, student_name, age, grade, gender, state from student where grade = ? and state = ? and gender = ? limit 1]
2024-09-04T12:13:27.383+03:00 TRACE 73493 --- [           main] o.s.jdbc.core.StatementCreatorUtils      : Setting SQL statement parameter value: column index 1, parameter value [1], value class [java.lang.Integer], SQL type unknown
2024-09-04T12:13:27.383+03:00 TRACE 73493 --- [           main] o.s.jdbc.core.StatementCreatorUtils      : Setting SQL statement parameter value: column index 2, parameter value [New York], value class [java.lang.String], SQL type unknown
2024-09-04T12:13:27.383+03:00 TRACE 73493 --- [           main] o.s.jdbc.core.StatementCreatorUtils      : Setting SQL statement parameter value: column index 3, parameter value [Male], value class [java.lang.String], SQL type unknown
]]></system-out>
  </testcase>
  <testcase name="givenJdbcClient_whenQueryWithPositionalParams_thenSuccess" classname="malakhov.JdbcClientUnitTest" time="0.015">
    <system-out><![CDATA[2024-09-04T12:13:27.391+03:00  INFO 73493 --- [           main] malakhov.JdbcClientUnitTest              : testing invoked successfully
2024-09-04T12:13:27.399+03:00 DEBUG 73493 --- [           main] o.s.jdbc.core.JdbcTemplate               : Executing prepared SQL query
2024-09-04T12:13:27.399+03:00 DEBUG 73493 --- [           main] o.s.jdbc.core.JdbcTemplate               : Executing prepared SQL statement [select student_id, student_name, age, grade, gender, state from student where grade = ? and state = ? and gender = ?]
2024-09-04T12:13:27.399+03:00 TRACE 73493 --- [           main] o.s.jdbc.core.StatementCreatorUtils      : Setting SQL statement parameter value: column index 1, parameter value [1], value class [java.lang.Integer], SQL type unknown
2024-09-04T12:13:27.399+03:00 TRACE 73493 --- [           main] o.s.jdbc.core.StatementCreatorUtils      : Setting SQL statement parameter value: column index 2, parameter value [New York], value class [java.lang.String], SQL type unknown
2024-09-04T12:13:27.399+03:00 TRACE 73493 --- [           main] o.s.jdbc.core.StatementCreatorUtils      : Setting SQL statement parameter value: column index 3, parameter value [Male], value class [java.lang.String], SQL type unknown
2024-09-04T12:13:27.399+03:00  INFO 73493 --- [           main] malakhov.JdbcClientUnitTest              : number of students fetched 6
]]></system-out>
  </testcase>
  <testcase name="givenJdbcClient_whenQueryWithParamsIndex_thenSuccess" classname="malakhov.JdbcClientUnitTest" time="0.007">
    <system-out><![CDATA[2024-09-04T12:13:27.407+03:00  INFO 73493 --- [           main] malakhov.JdbcClientUnitTest              : testing invoked successfully
2024-09-04T12:13:27.407+03:00 DEBUG 73493 --- [           main] o.s.jdbc.core.JdbcTemplate               : Executing prepared SQL query
2024-09-04T12:13:27.407+03:00 DEBUG 73493 --- [           main] o.s.jdbc.core.JdbcTemplate               : Executing prepared SQL statement [select student_id, student_name, age, grade, gender, state from student where grade = ? and state = ? and gender = ?]
2024-09-04T12:13:27.408+03:00 TRACE 73493 --- [           main] o.s.jdbc.core.StatementCreatorUtils      : Setting SQL statement parameter value: column index 1, parameter value [1], value class [java.lang.Integer], SQL type unknown
2024-09-04T12:13:27.408+03:00 TRACE 73493 --- [           main] o.s.jdbc.core.StatementCreatorUtils      : Setting SQL statement parameter value: column index 2, parameter value [New York], value class [java.lang.String], SQL type unknown
2024-09-04T12:13:27.408+03:00 TRACE 73493 --- [           main] o.s.jdbc.core.StatementCreatorUtils      : Setting SQL statement parameter value: column index 3, parameter value [Male], value class [java.lang.String], SQL type unknown
]]></system-out>
  </testcase>
  <testcase name="givenJdbcClient_whenQueryWithNamedParam_thenSuccess" classname="malakhov.JdbcClientUnitTest" time="0.015">
    <system-out><![CDATA[2024-09-04T12:13:27.415+03:00  INFO 73493 --- [           main] malakhov.JdbcClientUnitTest              : testing invoked successfully
2024-09-04T12:13:27.416+03:00 DEBUG 73493 --- [           main] o.s.jdbc.core.JdbcTemplate               : Executing prepared SQL query
2024-09-04T12:13:27.416+03:00 DEBUG 73493 --- [           main] o.s.jdbc.core.JdbcTemplate               : Executing prepared SQL statement [select student_id, student_name, age, grade, gender, state from student where grade = ? and state = ? and gender = ?]
2024-09-04T12:13:27.416+03:00 TRACE 73493 --- [           main] o.s.jdbc.core.StatementCreatorUtils      : Setting SQL statement parameter value: column index 1, parameter value [1], value class [java.lang.Integer], SQL type unknown
2024-09-04T12:13:27.416+03:00 TRACE 73493 --- [           main] o.s.jdbc.core.StatementCreatorUtils      : Setting SQL statement parameter value: column index 2, parameter value [New York], value class [java.lang.String], SQL type unknown
2024-09-04T12:13:27.416+03:00 TRACE 73493 --- [           main] o.s.jdbc.core.StatementCreatorUtils      : Setting SQL statement parameter value: column index 3, parameter value [Male], value class [java.lang.String], SQL type unknown
2024-09-04T12:13:27.418+03:00  INFO 73493 --- [           main] malakhov.JdbcClientUnitTest              : number of students fetched 6
]]></system-out>
  </testcase>
  <testcase name="givenJdbcClient_whenQueryWithParamsInVarargs_thenSuccess" classname="malakhov.JdbcClientUnitTest" time="0.006">
    <system-out><![CDATA[2024-09-04T12:13:27.429+03:00  INFO 73493 --- [           main] malakhov.JdbcClientUnitTest              : testing invoked successfully
2024-09-04T12:13:27.429+03:00 DEBUG 73493 --- [           main] o.s.jdbc.core.JdbcTemplate               : Executing prepared SQL query
2024-09-04T12:13:27.429+03:00 DEBUG 73493 --- [           main] o.s.jdbc.core.JdbcTemplate               : Executing prepared SQL statement [select student_id, student_name, age, grade, gender, state from student where grade = ? and state = ? and gender = ? limit 1]
2024-09-04T12:13:27.430+03:00 TRACE 73493 --- [           main] o.s.jdbc.core.StatementCreatorUtils      : Setting SQL statement parameter value: column index 1, parameter value [1], value class [java.lang.Integer], SQL type unknown
2024-09-04T12:13:27.430+03:00 TRACE 73493 --- [           main] o.s.jdbc.core.StatementCreatorUtils      : Setting SQL statement parameter value: column index 2, parameter value [New York], value class [java.lang.String], SQL type unknown
2024-09-04T12:13:27.430+03:00 TRACE 73493 --- [           main] o.s.jdbc.core.StatementCreatorUtils      : Setting SQL statement parameter value: column index 3, parameter value [Male], value class [java.lang.String], SQL type unknown
]]></system-out>
  </testcase>
</testsuite>